  modelanisossoft.cpp
modelanisossoft.obj : error LNK2001: unresolved external symbol "public: virtual class Variant __cdecl models::ModelWeakplaneType::getProperty(unsigned int)const " (?getProperty@ModelWeakplaneType@models@@UEBA?AVVariant@@I@Z)
modelanisossoft.obj : error LNK2001: unresolved external symbol "public: virtual void __cdecl models::ModelWeakplaneType::setProperty(unsigned int,class Variant const &,unsigned int)" (?setProperty@ModelWeakplaneType@models@@UEAAXIAEBVVariant@@I@Z)
modelanisossoft.obj : error LNK2001: unresolved external symbol "protected: virtual void __cdecl models::ModelWeakplaneType::setDip(double const &)" (?setDip@ModelWeakplaneType@models@@MEAAXAEBN@Z)
modelanisossoft.obj : error LNK2001: unresolved external symbol "protected: virtual void __cdecl models::ModelWeakplaneType::setDd(double const &)" (?setDd@ModelWeakplaneType@models@@MEAAXAEBN@Z)
modelanisossoft.obj : error LNK2001: unresolved external symbol "protected: virtual void __cdecl models::ModelWeakplaneType::setNx(double const &)" (?setNx@ModelWeakplaneType@models@@MEAAXAEBN@Z)
modelanisossoft.obj : error LNK2001: unresolved external symbol "protected: virtual void __cdecl models::ModelWeakplaneType::setNy(double const &)" (?setNy@ModelWeakplaneType@models@@MEAAXAEBN@Z)
modelanisossoft.obj : error LNK2001: unresolved external symbol "protected: virtual void __cdecl models::ModelWeakplaneType::setNz(double const &)" (?setNz@ModelWeakplaneType@models@@MEAAXAEBN@Z)
modelanisossoft.obj : error LNK2001: unresolved external symbol "protected: virtual void __cdecl models::ModelWeakplaneType::setNorm(class Vector3<double> const &)" (?setNorm@ModelWeakplaneType@models@@MEAAXAEBV?$Vector3@N@@@Z)
modelanisossoft.obj : error LNK2001: unresolved external symbol "protected: virtual void __cdecl models::ModelWeakplaneType::setAngle(double const &)" (?setAngle@ModelWeakplaneType@models@@MEAAXAEBN@Z)
modelanisossoft.obj : error LNK2001: unresolved external symbol "public: virtual unsigned int __cdecl models::ModelAnisotropic::getMinorVersion(void)const " (?getMinorVersion@ModelAnisotropic@models@@UEBAIXZ)
modelanisossoft.obj : error LNK2001: unresolved external symbol "public: virtual class std::basic_string<wchar_t,struct std::char_traits<wchar_t>,class std::allocator<wchar_t> > __cdecl models::ModelAnisotropic::getProperties(void)const " (?getProperties@ModelAnisotropic@models@@UEBA?AV?$basic_string@_WU?$char_traits@_W@std@@V?$allocator@_W@2@@std@@XZ)
modelanisossoft.obj : error LNK2001: unresolved external symbol "public: virtual class std::basic_string<wchar_t,struct std::char_traits<wchar_t>,class std::allocator<wchar_t> > __cdecl models::ModelAnisotropic::getStates(void)const " (?getStates@ModelAnisotropic@models@@UEBA?AV?$basic_string@_WU?$char_traits@_W@std@@V?$allocator@_W@2@@std@@XZ)
modelanisossoft.obj : error LNK2019: unresolved external symbol "public: virtual class Variant __cdecl models::ModelAnisotropic::getProperty(unsigned int)const " (?getProperty@ModelAnisotropic@models@@UEBA?AVVariant@@I@Z) referenced in function "[thunk]:public: virtual class Variant __cdecl models::ModelAnisotropic::getProperty`adjustor{16}' (unsigned int)const " (?getProperty@ModelAnisotropic@models@@WBA@EBA?AVVariant@@I@Z)
modelanisossoft.obj : error LNK2019: unresolved external symbol "public: virtual void __cdecl models::ModelAnisotropic::setProperty(unsigned int,class Variant const &,unsigned int)" (?setProperty@ModelAnisotropic@models@@UEAAXIAEBVVariant@@I@Z) referenced in function "[thunk]:public: virtual void __cdecl models::ModelAnisotropic::setProperty`adjustor{16}' (unsigned int,class Variant const &,unsigned int)" (?setProperty@ModelAnisotropic@models@@WBA@EAAXIAEBVVariant@@I@Z)
modelanisossoft.obj : error LNK2001: unresolved external symbol "public: virtual double __cdecl models::ModelAnisotropic::getConfinedModulus(void)const " (?getConfinedModulus@ModelAnisotropic@models@@UEBANXZ)
modelanisossoft.obj : error LNK2001: unresolved external symbol "public: virtual double __cdecl models::ModelAnisotropic::getShearModulus(void)const " (?getShearModulus@ModelAnisotropic@models@@UEBANXZ)
modelanisossoft.obj : error LNK2001: unresolved external symbol "public: virtual double __cdecl models::ModelAnisotropic::getBulkModulus(void)const " (?getBulkModulus@ModelAnisotropic@models@@UEBANXZ)
modelanisossoft.obj : error LNK2001: unresolved external symbol "public: virtual void __cdecl models::ModelAnisotropic::copy(class models::ConstitutiveModel const *)" (?copy@ModelAnisotropic@models@@UEAAXPEBVConstitutiveModel@2@@Z)
modelanisossoft.obj : error LNK2001: unresolved external symbol "public: virtual void __cdecl models::ModelAnisotropic::run(unsigned char,struct models::State *)" (?run@ModelAnisotropic@models@@UEAAXEPEAUState@2@@Z)
modelanisossoft.obj : error LNK2001: unresolved external symbol "public: virtual void __cdecl models::ModelAnisotropic::initialize(unsigned char,struct models::State *)" (?initialize@ModelAnisotropic@models@@UEAAXEPEAUState@2@@Z)
modelanisossoft.obj : error LNK2019: unresolved external symbol "public: virtual void __cdecl models::ModelAnisotropic::elasticTrial(struct models::State *)" (?elasticTrial@ModelAnisotropic@models@@UEAAXPEAUState@2@@Z) referenced in function "public: virtual void __cdecl models::ModelStrainSofteningAnisotropic::run(unsigned char,struct models::State *)" (?run@ModelStrainSofteningAnisotropic@models@@UEAAXEPEAUState@2@@Z)
modelanisossoft.obj : error LNK2001: unresolved external symbol "protected: virtual void __cdecl models::ModelAnisotropic::buildStiffnessMatrix(void)" (?buildStiffnessMatrix@ModelAnisotropic@models@@MEAAXXZ)
modelanisossoft.obj : error LNK2001: unresolved external symbol "protected: virtual bool __cdecl models::ModelAnisotropic::updateParameters(void)" (?updateParameters@ModelAnisotropic@models@@MEAA_NXZ)
modelanisossoft.obj : error LNK2019: unresolved external symbol "protected: virtual double __cdecl models::ModelAnisotropic::moduliReduction(double const &)" (?moduliReduction@ModelAnisotropic@models@@MEAANAEBN@Z) referenced in function "public: virtual void __cdecl models::ModelStrainSofteningAnisotropic::run(unsigned char,struct models::State *)" (?run@ModelStrainSofteningAnisotropic@models@@UEAAXEPEAUState@2@@Z)
modelanisossoft.obj : error LNK2019: unresolved external symbol "public: __cdecl models::ModelMohr::ModelMohr(unsigned short)" (??0ModelMohr@models@@QEAA@G@Z) referenced in function "public: __cdecl models::ModelStrainSofteningAnisotropic::ModelStrainSofteningAnisotropic(void)" (??0ModelStrainSofteningAnisotropic@models@@QEAA@XZ)
modelanisossoft.obj : error LNK2001: unresolved external symbol "public: virtual unsigned int __cdecl models::ModelMohr::getMinorVersion(void)const " (?getMinorVersion@ModelMohr@models@@UEBAIXZ)
modelanisossoft.obj : error LNK2019: unresolved external symbol "public: virtual class std::basic_string<wchar_t,struct std::char_traits<wchar_t>,class std::allocator<wchar_t> > __cdecl models::ModelMohr::getProperties(void)const " (?getProperties@ModelMohr@models@@UEBA?AV?$basic_string@_WU?$char_traits@_W@std@@V?$allocator@_W@2@@std@@XZ) referenced in function "public: virtual class std::basic_string<wchar_t,struct std::char_traits<wchar_t>,class std::allocator<wchar_t> > __cdecl models::ModelStrainSofteningAnisotropic::getProperties(void)const " (?getProperties@ModelStrainSofteningAnisotropic@models@@UEBA?AV?$basic_string@_WU?$char_traits@_W@std@@V?$allocator@_W@2@@std@@XZ)
modelanisossoft.obj : error LNK2019: unresolved external symbol "public: virtual bool __cdecl models::ModelMohr::isPropertyAdvanced(unsigned int)const " (?isPropertyAdvanced@ModelMohr@models@@UEBA_NI@Z) referenced in function "public: virtual bool __cdecl models::ModelStrainSofteningAnisotropic::isPropertyAdvanced(unsigned int)const " (?isPropertyAdvanced@ModelStrainSofteningAnisotropic@models@@UEBA_NI@Z)
modelanisossoft.obj : error LNK2019: unresolved external symbol "public: virtual class Variant __cdecl models::ModelMohr::getProperty(unsigned int)const " (?getProperty@ModelMohr@models@@UEBA?AVVariant@@I@Z) referenced in function "public: virtual class Variant __cdecl models::ModelStrainSofteningAnisotropic::getProperty(unsigned int)const " (?getProperty@ModelStrainSofteningAnisotropic@models@@UEBA?AVVariant@@I@Z)
modelanisossoft.obj : error LNK2019: unresolved external symbol "public: virtual void __cdecl models::ModelMohr::setProperty(unsigned int,class Variant const &,unsigned int)" (?setProperty@ModelMohr@models@@UEAAXIAEBVVariant@@I@Z) referenced in function "public: virtual void __cdecl models::ModelStrainSofteningAnisotropic::setProperty(unsigned int,class Variant const &,unsigned int)" (?setProperty@ModelStrainSofteningAnisotropic@models@@UEAAXIAEBVVariant@@I@Z)
modelanisossoft.obj : error LNK2019: unresolved external symbol "public: virtual void __cdecl models::ModelMohr::copy(class models::ConstitutiveModel const *)" (?copy@ModelMohr@models@@UEAAXPEBVConstitutiveModel@2@@Z) referenced in function "public: virtual void __cdecl models::ModelStrainSofteningAnisotropic::copy(class models::ConstitutiveModel const *)" (?copy@ModelStrainSofteningAnisotropic@models@@UEAAXPEBVConstitutiveModel@2@@Z)
modelanisossoft.obj : error LNK2001: unresolved external symbol "public: virtual void __cdecl models::ModelMohr::run(unsigned char,struct models::State *)" (?run@ModelMohr@models@@UEAAXEPEAUState@2@@Z)
modelanisossoft.obj : error LNK2001: unresolved external symbol "public: virtual void __cdecl models::ModelMohr::initialize(unsigned char,struct models::State *)" (?initialize@ModelMohr@models@@UEAAXEPEAUState@2@@Z)
modelanisossoft.obj : error LNK2001: unresolved external symbol "public: virtual void __cdecl models::ModelMohr::elasticTrial(struct models::State *)" (?elasticTrial@ModelMohr@models@@UEAAXPEAUState@2@@Z)
modelanisossoft.obj : error LNK2001: unresolved external symbol "public: virtual double __cdecl models::ModelMohr::getStressStrengthRatio(class SymTensor const &)const " (?getStressStrengthRatio@ModelMohr@models@@UEBANAEBVSymTensor@@@Z)
modelanisossoft.obj : error LNK2001: unresolved external symbol "public: virtual void __cdecl models::ModelMohr::apexCorrection(struct models::State *,class Vector3<double> *,unsigned int *)" (?apexCorrection@ModelMohr@models@@UEAAXPEAUState@2@PEAV?$Vector3@N@@PEAI@Z)
modelanisossoft.obj : error LNK2001: unresolved external symbol "public: virtual void __cdecl models::ModelMohr::scaleProperties(double const &,class std::vector<unsigned int,class std::allocator<unsigned int> > const &)" (?scaleProperties@ModelMohr@models@@UEAAXAEBNAEBV?$vector@IV?$allocator@I@std@@@std@@@Z)
modelanisossoft.obj : error LNK2001: unresolved external symbol "protected: virtual bool __cdecl models::ModelMohr::updateParameters(void)" (?updateParameters@ModelMohr@models@@MEAA_NXZ)
modelanisossoft.obj : error LNK2019: unresolved external symbol "protected: virtual bool __cdecl models::ModelMohr::updateParameters(bool,double *,double *)" (?updateParameters@ModelMohr@models@@MEAA_N_NPEAN1@Z) referenced in function "public: virtual void __cdecl models::ModelStrainSofteningAnisotropic::run(unsigned char,struct models::State *)" (?run@ModelStrainSofteningAnisotropic@models@@UEAAXEPEAUState@2@@Z)
modelanisossoft.obj : error LNK2001: unresolved external symbol "protected: virtual double __cdecl models::ModelMohr::moduliReduction(double const &)" (?moduliReduction@ModelMohr@models@@MEAANAEBN@Z)
modelanisossoft.obj : error LNK2019: unresolved external symbol "protected: virtual void __cdecl models::ModelMohr::shearCorrection(struct models::State *,class Vector3<double> *,unsigned int &,double const &,int)" (?shearCorrection@ModelMohr@models@@MEAAXPEAUState@2@PEAV?$Vector3@N@@AEAIAEBNH@Z) referenced in function "public: virtual void __cdecl models::ModelStrainSofteningAnisotropic::run(unsigned char,struct models::State *)" (?run@ModelStrainSofteningAnisotropic@models@@UEAAXEPEAUState@2@@Z)
C:\Users\xo\source\repos\ItascaConstutitiveModel_anisostrainsoftening_model\ItascaConstutitiveModel_anisostrainsoftening_model\Debug\cmodelItascaConstutitiveModel_anisostrainsoftening_modeld007.dll : fatal error LNK1120: 41 unresolved externals
